2020-05-01 18:23:44,788 :: INFO :: **** INITIALIZATION ****
2020-05-01 18:23:44,789 :: INFO :: Human in (2, 30)
2020-05-01 18:23:44,789 :: INFO :: Human in (7, 20)
2020-05-01 18:23:44,789 :: INFO :: Human in (14, 27)
2020-05-01 18:23:44,789 :: INFO :: Human in (6, 5)
2020-05-01 18:23:44,789 :: INFO :: Human in (7, 10)
2020-05-01 18:23:44,789 :: INFO :: Human in (4, 24)
2020-05-01 18:23:44,790 :: INFO :: Human in (30, 13)
2020-05-01 18:23:44,790 :: INFO :: Human in (4, 9)
2020-05-01 18:23:44,790 :: INFO :: Human in (29, 23)
2020-05-01 18:23:44,790 :: INFO :: Human in (11, 18)
2020-05-01 18:23:44,790 :: INFO :: Human in (11, 1)
2020-05-01 18:23:44,791 :: INFO :: Human in (27, 33)
2020-05-01 18:23:44,791 :: INFO :: Human in (20, 1)
2020-05-01 18:23:44,791 :: INFO :: Human in (9, 1)
2020-05-01 18:23:44,791 :: INFO :: Human in (2, 11)
2020-05-01 18:23:44,791 :: INFO :: Human in (32, 12)
2020-05-01 18:23:44,792 :: INFO :: Human in (32, 2)
2020-05-01 18:23:44,792 :: INFO :: Human in (21, 4)
2020-05-01 18:23:44,792 :: INFO :: Human in (29, 0)
2020-05-01 18:23:44,792 :: INFO :: Human in (4, 16)
2020-05-01 18:23:44,792 :: INFO :: Human in (10, 12)
2020-05-01 18:23:44,792 :: INFO :: Human in (31, 9)
2020-05-01 18:23:44,793 :: INFO :: Human in (28, 23)
2020-05-01 18:23:44,793 :: INFO :: Human in (27, 0)
2020-05-01 18:23:44,793 :: INFO :: Human in (17, 24)
2020-05-01 18:23:44,793 :: INFO :: Human in (18, 9)
2020-05-01 18:23:44,794 :: INFO :: Human in (17, 22)
2020-05-01 18:23:44,794 :: INFO :: Human in (24, 32)
2020-05-01 18:23:44,794 :: INFO :: Human in (27, 27)
2020-05-01 18:23:44,794 :: INFO :: Human in (0, 13)
2020-05-01 18:23:44,794 :: INFO :: Human in (13, 26)
2020-05-01 18:23:44,794 :: INFO :: Human in (27, 2)
2020-05-01 18:23:44,795 :: INFO :: Human in (8, 26)
2020-05-01 18:23:44,795 :: INFO :: Human in (4, 0)
2020-05-01 18:23:44,795 :: INFO :: Human in (23, 14)
2020-05-01 18:23:44,795 :: INFO :: Human in (19, 30)
2020-05-01 18:23:44,795 :: INFO :: Human in (10, 1)
2020-05-01 18:23:44,796 :: INFO :: Human in (2, 15)
2020-05-01 18:23:44,796 :: INFO :: Human in (15, 4)
2020-05-01 18:23:44,796 :: INFO :: Human in (7, 3)
2020-05-01 18:23:44,796 :: INFO :: Human in (26, 30)
2020-05-01 18:23:44,796 :: INFO :: Human in (14, 14)
2020-05-01 18:23:44,797 :: INFO :: Human in (13, 25)
2020-05-01 18:23:44,797 :: INFO :: Human in (0, 9)
2020-05-01 18:23:44,797 :: INFO :: Human in (18, 32)
2020-05-01 18:23:44,797 :: INFO :: Human in (29, 26)
2020-05-01 18:23:44,797 :: INFO :: Human in (10, 11)
2020-05-01 18:23:44,797 :: INFO :: Human in (18, 5)
2020-05-01 18:23:44,798 :: INFO :: Human in (9, 21)
2020-05-01 18:23:44,798 :: INFO :: Human in (25, 26)
2020-05-01 18:23:44,798 :: INFO :: Human in (7, 8)
2020-05-01 18:23:44,798 :: INFO :: Human in (18, 15)
2020-05-01 18:23:44,798 :: INFO :: Human in (11, 15)
2020-05-01 18:23:44,799 :: INFO :: Human in (21, 17)
2020-05-01 18:23:44,799 :: INFO :: Human in (5, 11)
2020-05-01 18:23:44,799 :: INFO :: Human in (15, 6)
2020-05-01 18:23:44,799 :: INFO :: Human in (13, 22)
2020-05-01 18:23:44,799 :: INFO :: Human in (27, 21)
2020-05-01 18:23:44,799 :: INFO :: Human in (11, 26)
2020-05-01 18:23:44,800 :: INFO :: Human in (16, 10)
2020-05-01 18:23:44,800 :: INFO :: Human in (10, 21)
2020-05-01 18:23:44,800 :: INFO :: Human in (20, 21)
2020-05-01 18:23:44,800 :: INFO :: Human in (24, 1)
2020-05-01 18:23:44,800 :: INFO :: Human in (17, 5)
2020-05-01 18:23:44,800 :: INFO :: Human in (2, 0)
2020-05-01 18:23:44,801 :: INFO :: Human in (23, 2)
2020-05-01 18:23:44,801 :: INFO :: Human in (18, 27)
2020-05-01 18:23:44,801 :: INFO :: Human in (30, 26)
2020-05-01 18:23:44,801 :: INFO :: Human in (23, 31)
2020-05-01 18:23:44,801 :: INFO :: Human in (26, 27)
2020-05-01 18:23:44,801 :: INFO :: Human in (7, 9)
2020-05-01 18:23:44,802 :: INFO :: Human in (28, 3)
2020-05-01 18:23:44,802 :: INFO :: Human in (1, 21)
2020-05-01 18:23:44,802 :: INFO :: Human in (11, 29)
2020-05-01 18:23:44,802 :: INFO :: Human in (20, 0)
2020-05-01 18:23:44,802 :: INFO :: Human in (2, 27)
2020-05-01 18:23:44,802 :: INFO :: Human in (0, 19)
2020-05-01 18:23:44,803 :: INFO :: Human in (0, 23)
2020-05-01 18:23:44,803 :: INFO :: Human in (18, 22)
2020-05-01 18:23:44,803 :: INFO :: Human in (7, 32)
2020-05-01 18:23:44,803 :: INFO :: Human in (24, 13)
2020-05-01 18:23:44,803 :: INFO :: Human in (25, 32)
2020-05-01 18:23:44,804 :: INFO :: Human in (5, 2)
2020-05-01 18:23:44,804 :: INFO :: Human in (17, 21)
2020-05-01 18:23:44,804 :: INFO :: Human in (16, 5)
2020-05-01 18:23:44,804 :: INFO :: Human in (15, 28)
2020-05-01 18:23:44,804 :: INFO :: Human in (1, 29)
2020-05-01 18:23:44,804 :: INFO :: Human in (7, 19)
2020-05-01 18:23:44,805 :: INFO :: Human in (6, 15)
2020-05-01 18:23:44,805 :: INFO :: Human in (28, 19)
2020-05-01 18:23:44,805 :: INFO :: Human in (29, 6)
2020-05-01 18:23:44,805 :: INFO :: Human in (8, 20)
2020-05-01 18:23:44,805 :: INFO :: Human in (20, 5)
2020-05-01 18:23:44,805 :: INFO :: Human in (16, 9)
2020-05-01 18:23:44,806 :: INFO :: Human in (23, 23)
2020-05-01 18:23:44,806 :: INFO :: Human in (24, 9)
2020-05-01 18:23:44,806 :: INFO :: Human in (5, 27)
2020-05-01 18:23:44,806 :: INFO :: Human in (25, 0)
2020-05-01 18:23:44,806 :: INFO :: Human in (17, 14)
2020-05-01 18:23:44,807 :: INFO :: Human in (22, 0)
2020-05-01 18:23:44,807 :: INFO :: Human in (5, 9)
2020-05-01 18:23:44,807 :: INFO :: Human in (9, 25)
2020-05-01 18:23:44,807 :: INFO :: Human in (24, 21)
2020-05-01 18:23:44,807 :: INFO :: Human in (16, 22)
2020-05-01 18:23:44,807 :: INFO :: Human in (17, 16)
2020-05-01 18:23:44,808 :: INFO :: Human in (4, 23)
2020-05-01 18:23:44,808 :: INFO :: Human in (2, 16)
2020-05-01 18:23:44,808 :: INFO :: Human in (21, 27)
2020-05-01 18:23:44,808 :: INFO :: Human in (12, 7)
2020-05-01 18:23:44,808 :: INFO :: Human in (27, 26)
2020-05-01 18:23:44,809 :: INFO :: Human in (27, 22)
2020-05-01 18:23:44,809 :: INFO :: Human in (5, 22)
2020-05-01 18:23:44,809 :: INFO :: Human in (20, 29)
2020-05-01 18:23:44,809 :: INFO :: Human in (21, 28)
2020-05-01 18:23:44,809 :: INFO :: Human in (22, 15)
2020-05-01 18:23:44,809 :: INFO :: Human in (0, 10)
2020-05-01 18:23:44,810 :: INFO :: Human in (2, 31)
2020-05-01 18:23:44,810 :: INFO :: Human in (0, 16)
2020-05-01 18:23:44,810 :: INFO :: Human in (24, 29)
2020-05-01 18:23:44,810 :: INFO :: Human in (20, 9)
2020-05-01 18:23:44,810 :: INFO :: Human in (11, 14)
2020-05-01 18:23:44,810 :: INFO :: Human in (11, 22)
2020-05-01 18:23:44,810 :: INFO :: Human in (13, 2)
2020-05-01 18:23:44,810 :: INFO :: Human in (17, 27)
2020-05-01 18:23:44,810 :: INFO :: Human in (19, 5)
2020-05-01 18:23:44,810 :: INFO :: Human in (30, 4)
2020-05-01 18:23:44,811 :: INFO :: Human in (15, 31)
2020-05-01 18:23:44,811 :: INFO :: Human in (27, 16)
2020-05-01 18:23:44,811 :: INFO :: Human in (1, 13)
2020-05-01 18:23:44,811 :: INFO :: Human in (16, 2)
2020-05-01 18:23:44,811 :: INFO :: Human in (26, 11)
2020-05-01 18:23:44,811 :: INFO :: Human in (24, 34)
2020-05-01 18:23:44,811 :: INFO :: Human in (23, 20)
2020-05-01 18:23:44,811 :: INFO :: Human in (33, 13)
2020-05-01 18:23:44,811 :: INFO :: Human in (23, 13)
2020-05-01 18:23:44,811 :: INFO :: Human in (9, 32)
2020-05-01 18:23:44,812 :: INFO :: Human in (22, 1)
2020-05-01 18:23:44,812 :: INFO :: Human in (15, 24)
2020-05-01 18:23:44,812 :: INFO :: Human in (10, 15)
2020-05-01 18:23:44,812 :: INFO :: Human in (32, 23)
2020-05-01 18:23:44,812 :: INFO :: Human in (11, 17)
2020-05-01 18:23:44,812 :: INFO :: Human in (11, 6)
2020-05-01 18:23:44,812 :: INFO :: Human in (31, 23)
2020-05-01 18:23:44,812 :: INFO :: Human in (13, 30)
2020-05-01 18:23:44,813 :: INFO :: Human in (26, 16)
2020-05-01 18:23:44,813 :: INFO :: Human in (28, 25)
2020-05-01 18:23:44,813 :: INFO :: Human in (30, 24)
2020-05-01 18:23:44,813 :: INFO :: Human in (21, 22)
2020-05-01 18:23:44,813 :: INFO :: Human in (20, 27)
2020-05-01 18:23:44,813 :: INFO :: Human in (15, 19)
2020-05-01 18:23:44,813 :: INFO :: Human in (27, 6)
2020-05-01 18:23:44,813 :: INFO :: Human in (22, 8)
2020-05-01 18:23:44,813 :: INFO :: Human in (11, 34)
2020-05-01 18:23:44,814 :: INFO :: Human in (24, 8)
2020-05-01 18:23:44,814 :: INFO :: Human in (18, 18)
2020-05-01 18:23:44,814 :: INFO :: Human in (28, 33)
2020-05-01 18:23:44,814 :: INFO :: Human in (8, 15)
2020-05-01 18:23:44,814 :: INFO :: Human in (15, 30)
2020-05-01 18:23:44,814 :: INFO :: Human in (5, 29)
2020-05-01 18:23:44,814 :: INFO :: Human in (19, 6)
2020-05-01 18:23:44,814 :: INFO :: Human in (9, 5)
2020-05-01 18:23:44,815 :: INFO :: Human in (7, 1)
2020-05-01 18:23:44,815 :: INFO :: Human in (22, 14)
2020-05-01 18:23:44,815 :: INFO :: Human in (15, 12)
2020-05-01 18:23:44,815 :: INFO :: Human in (20, 3)
2020-05-01 18:23:44,815 :: INFO :: Human in (25, 23)
2020-05-01 18:23:44,815 :: INFO :: Human in (5, 5)
2020-05-01 18:23:44,815 :: INFO :: Human in (0, 26)
2020-05-01 18:23:44,815 :: INFO :: Human in (14, 34)
2020-05-01 18:23:44,816 :: INFO :: Human in (34, 7)
2020-05-01 18:23:44,816 :: INFO :: Human in (31, 2)
2020-05-01 18:23:44,816 :: INFO :: Human in (23, 15)
2020-05-01 18:23:44,816 :: INFO :: Human in (19, 16)
2020-05-01 18:23:44,816 :: INFO :: Human in (23, 0)
2020-05-01 18:23:44,816 :: INFO :: Human in (15, 9)
2020-05-01 18:23:44,816 :: INFO :: Human in (0, 2)
2020-05-01 18:23:44,816 :: INFO :: Human in (14, 4)
2020-05-01 18:23:44,816 :: INFO :: Human in (3, 33)
2020-05-01 18:23:44,817 :: INFO :: Human in (26, 13)
2020-05-01 18:23:44,817 :: INFO :: Human in (6, 4)
2020-05-01 18:23:44,817 :: INFO :: Human in (12, 20)
2020-05-01 18:23:44,817 :: INFO :: Human in (2, 34)
2020-05-01 18:23:44,817 :: INFO :: Human in (32, 30)
2020-05-01 18:23:44,817 :: INFO :: Human in (14, 7)
2020-05-01 18:23:44,817 :: INFO :: Human in (26, 7)
2020-05-01 18:23:44,818 :: INFO :: Human in (17, 7)
2020-05-01 18:23:44,818 :: INFO :: Human in (7, 5)
2020-05-01 18:23:44,818 :: INFO :: Human in (21, 14)
2020-05-01 18:23:44,818 :: INFO :: Human in (21, 25)
2020-05-01 18:23:44,818 :: INFO :: Human in (19, 11)
2020-05-01 18:23:44,818 :: INFO :: Human in (27, 25)
2020-05-01 18:23:44,819 :: INFO :: Human in (29, 18)
2020-05-01 18:23:44,819 :: INFO :: Human in (6, 28)
2020-05-01 18:23:44,819 :: INFO :: Human in (29, 11)
2020-05-01 18:23:44,819 :: INFO :: Human in (9, 27)
2020-05-01 18:23:44,819 :: INFO :: Human in (32, 26)
2020-05-01 18:23:44,820 :: INFO :: Human in (2, 13)
2020-05-01 18:23:44,820 :: INFO :: Human in (33, 31)
2020-05-01 18:23:44,820 :: INFO :: Human in (4, 7)
2020-05-01 18:23:44,820 :: INFO :: Human in (5, 28)
2020-05-01 18:23:44,821 :: INFO :: Hospital in (8, 23)
2020-05-01 18:23:44,821 :: INFO :: Hospital in (27, 11)
2020-05-01 18:23:44,821 :: INFO :: Hospital in (22, 30)
2020-05-01 18:23:44,821 :: INFO :: Hospital in (24, 18)
2020-05-01 18:23:44,821 :: INFO :: Hospital in (28, 5)
2020-05-01 18:23:44,822 :: INFO :: Hospital in (9, 34)
2020-05-01 18:23:44,822 :: INFO :: Hospital in (34, 26)
2020-05-01 18:23:44,822 :: INFO :: Hospital in (18, 33)
2020-05-01 18:23:44,822 :: INFO :: Hospital in (1, 23)
2020-05-01 18:23:44,822 :: INFO :: Hospital in (12, 27)
2020-05-01 18:23:45,570 :: INFO :: **** Iteration #1 ****
2020-05-01 18:23:45,792 :: INFO :: **** Iteration #2 ****
2020-05-01 18:23:45,982 :: INFO :: **** Iteration #3 ****
2020-05-01 18:23:46,349 :: INFO :: **** Iteration #4 ****
2020-05-01 18:23:46,514 :: INFO :: **** Iteration #5 ****
2020-05-01 18:23:46,680 :: INFO :: **** Iteration #6 ****
2020-05-01 18:23:46,828 :: INFO :: **** Iteration #7 ****
2020-05-01 18:23:46,982 :: INFO :: **** Iteration #8 ****
2020-05-01 18:23:47,129 :: INFO :: **** Iteration #9 ****
2020-05-01 18:23:47,273 :: INFO :: **** Iteration #10 ****
2020-05-01 18:23:47,424 :: INFO :: **** Iteration #11 ****
2020-05-01 18:23:47,585 :: INFO :: **** Iteration #12 ****
2020-05-01 18:23:47,876 :: INFO :: **** Iteration #13 ****
2020-05-01 18:23:48,022 :: INFO :: **** Iteration #14 ****
2020-05-01 18:23:48,166 :: INFO :: **** Iteration #15 ****
2020-05-01 18:23:48,318 :: INFO :: **** Iteration #16 ****
2020-05-01 18:23:48,469 :: INFO :: **** Iteration #17 ****
2020-05-01 18:23:48,629 :: INFO :: **** Iteration #18 ****
2020-05-01 18:23:48,785 :: INFO :: **** Iteration #19 ****
2020-05-01 18:23:48,931 :: INFO :: **** Iteration #20 ****
2020-05-01 18:23:49,072 :: INFO :: **** Iteration #21 ****
2020-05-01 18:23:49,243 :: INFO :: **** Iteration #22 ****
2020-05-01 18:23:49,403 :: INFO :: **** Iteration #23 ****
2020-05-01 18:23:49,569 :: INFO :: **** Iteration #24 ****
2020-05-01 18:23:49,730 :: INFO :: **** Iteration #25 ****
2020-05-01 18:23:49,896 :: INFO :: **** Iteration #26 ****
2020-05-01 18:23:50,051 :: INFO :: **** Iteration #27 ****
2020-05-01 18:23:50,217 :: INFO :: **** Iteration #28 ****
2020-05-01 18:23:50,353 :: INFO :: **** Iteration #29 ****
2020-05-01 18:23:50,498 :: INFO :: **** Iteration #30 ****
2020-05-01 18:23:50,503 :: INFO :: [STOP] Maximum iterations reached (30)
2020-05-01 18:33:09,492 :: INFO :: **** INITIALIZATION ****
2020-05-01 18:33:09,492 :: INFO :: Human in (23, 12)
2020-05-01 18:33:09,493 :: INFO :: Human in (16, 19)
2020-05-01 18:33:09,493 :: INFO :: Human in (34, 8)
2020-05-01 18:33:09,493 :: INFO :: Human in (16, 28)
2020-05-01 18:33:09,493 :: INFO :: Human in (3, 28)
2020-05-01 18:33:09,493 :: INFO :: Human in (16, 10)
2020-05-01 18:33:09,494 :: INFO :: Human in (10, 10)
2020-05-01 18:33:09,494 :: INFO :: Human in (0, 8)
2020-05-01 18:33:09,494 :: INFO :: Human in (24, 3)
2020-05-01 18:33:09,494 :: INFO :: Human in (16, 11)
2020-05-01 18:33:09,494 :: INFO :: Human in (12, 18)
2020-05-01 18:33:09,494 :: INFO :: Human in (8, 30)
2020-05-01 18:33:09,495 :: INFO :: Human in (19, 8)
2020-05-01 18:33:09,495 :: INFO :: Human in (27, 21)
2020-05-01 18:33:09,495 :: INFO :: Human in (1, 33)
2020-05-01 18:33:09,495 :: INFO :: Human in (11, 2)
2020-05-01 18:33:09,495 :: INFO :: Human in (14, 16)
2020-05-01 18:33:09,496 :: INFO :: Human in (30, 33)
2020-05-01 18:33:09,496 :: INFO :: Human in (9, 0)
2020-05-01 18:33:09,496 :: INFO :: Human in (10, 21)
2020-05-01 18:33:09,496 :: INFO :: Human in (7, 19)
2020-05-01 18:33:09,496 :: INFO :: Human in (17, 26)
2020-05-01 18:33:09,497 :: INFO :: Human in (9, 13)
2020-05-01 18:33:09,497 :: INFO :: Human in (13, 21)
2020-05-01 18:33:09,497 :: INFO :: Human in (20, 18)
2020-05-01 18:33:09,497 :: INFO :: Human in (34, 9)
2020-05-01 18:33:09,497 :: INFO :: Human in (32, 22)
2020-05-01 18:33:09,497 :: INFO :: Human in (7, 13)
2020-05-01 18:33:09,498 :: INFO :: Human in (5, 8)
2020-05-01 18:33:09,498 :: INFO :: Human in (12, 19)
2020-05-01 18:33:09,498 :: INFO :: Human in (32, 25)
2020-05-01 18:33:09,498 :: INFO :: Human in (28, 23)
2020-05-01 18:33:09,498 :: INFO :: Human in (32, 10)
2020-05-01 18:33:09,499 :: INFO :: Human in (2, 11)
2020-05-01 18:33:09,499 :: INFO :: Human in (15, 32)
2020-05-01 18:33:09,499 :: INFO :: Human in (11, 29)
2020-05-01 18:33:09,499 :: INFO :: Human in (16, 0)
2020-05-01 18:33:09,499 :: INFO :: Human in (22, 12)
2020-05-01 18:33:09,499 :: INFO :: Human in (22, 3)
2020-05-01 18:33:09,500 :: INFO :: Human in (33, 33)
2020-05-01 18:33:09,500 :: INFO :: Human in (30, 13)
2020-05-01 18:33:09,500 :: INFO :: Human in (23, 2)
2020-05-01 18:33:09,500 :: INFO :: Human in (0, 1)
2020-05-01 18:33:09,500 :: INFO :: Human in (6, 33)
2020-05-01 18:33:09,501 :: INFO :: Human in (7, 12)
2020-05-01 18:33:09,501 :: INFO :: Human in (5, 31)
2020-05-01 18:33:09,501 :: INFO :: Human in (16, 32)
2020-05-01 18:33:09,501 :: INFO :: Human in (30, 18)
2020-05-01 18:33:09,501 :: INFO :: Human in (24, 7)
2020-05-01 18:33:09,502 :: INFO :: Human in (30, 6)
2020-05-01 18:33:09,502 :: INFO :: Human in (8, 27)
2020-05-01 18:33:09,502 :: INFO :: Human in (26, 3)
2020-05-01 18:33:09,502 :: INFO :: Human in (32, 34)
2020-05-01 18:33:09,502 :: INFO :: Human in (29, 5)
2020-05-01 18:33:09,502 :: INFO :: Human in (23, 9)
2020-05-01 18:33:09,503 :: INFO :: Human in (20, 31)
2020-05-01 18:33:09,503 :: INFO :: Human in (6, 1)
2020-05-01 18:33:09,503 :: INFO :: Human in (24, 29)
2020-05-01 18:33:09,503 :: INFO :: Human in (4, 24)
2020-05-01 18:33:09,503 :: INFO :: Human in (25, 18)
2020-05-01 18:33:09,504 :: INFO :: Human in (7, 5)
2020-05-01 18:33:09,504 :: INFO :: Human in (12, 16)
2020-05-01 18:33:09,504 :: INFO :: Human in (16, 16)
2020-05-01 18:33:09,504 :: INFO :: Human in (3, 25)
2020-05-01 18:33:09,504 :: INFO :: Human in (32, 1)
2020-05-01 18:33:09,505 :: INFO :: Human in (0, 2)
2020-05-01 18:33:09,505 :: INFO :: Human in (22, 15)
2020-05-01 18:33:09,505 :: INFO :: Human in (29, 2)
2020-05-01 18:33:09,505 :: INFO :: Human in (22, 0)
2020-05-01 18:33:09,505 :: INFO :: Human in (27, 14)
2020-05-01 18:33:09,505 :: INFO :: Human in (27, 6)
2020-05-01 18:33:09,506 :: INFO :: Human in (17, 3)
2020-05-01 18:33:09,506 :: INFO :: Human in (11, 3)
2020-05-01 18:33:09,506 :: INFO :: Human in (10, 31)
2020-05-01 18:33:09,506 :: INFO :: Human in (14, 17)
2020-05-01 18:33:09,506 :: INFO :: Human in (34, 6)
2020-05-01 18:33:09,507 :: INFO :: Human in (22, 21)
2020-05-01 18:33:09,507 :: INFO :: Human in (26, 21)
2020-05-01 18:33:09,507 :: INFO :: Human in (32, 15)
2020-05-01 18:33:09,507 :: INFO :: Human in (19, 4)
2020-05-01 18:33:09,507 :: INFO :: Human in (29, 20)
2020-05-01 18:33:09,508 :: INFO :: Human in (4, 8)
2020-05-01 18:33:09,508 :: INFO :: Human in (18, 26)
2020-05-01 18:33:09,508 :: INFO :: Human in (5, 17)
2020-05-01 18:33:09,508 :: INFO :: Human in (9, 32)
2020-05-01 18:33:09,508 :: INFO :: Human in (10, 19)
2020-05-01 18:33:09,508 :: INFO :: Human in (2, 30)
2020-05-01 18:33:09,509 :: INFO :: Human in (33, 4)
2020-05-01 18:33:09,509 :: INFO :: Human in (11, 20)
2020-05-01 18:33:09,509 :: INFO :: Human in (26, 23)
2020-05-01 18:33:09,509 :: INFO :: Human in (4, 25)
2020-05-01 18:33:09,509 :: INFO :: Human in (10, 26)
2020-05-01 18:33:09,510 :: INFO :: Human in (12, 1)
2020-05-01 18:33:09,510 :: INFO :: Human in (31, 2)
2020-05-01 18:33:09,510 :: INFO :: Human in (15, 14)
2020-05-01 18:33:09,510 :: INFO :: Human in (25, 5)
2020-05-01 18:33:09,510 :: INFO :: Human in (24, 23)
2020-05-01 18:33:09,510 :: INFO :: Human in (31, 32)
2020-05-01 18:33:09,511 :: INFO :: Human in (28, 18)
2020-05-01 18:33:09,511 :: INFO :: Human in (10, 24)
2020-05-01 18:33:09,511 :: INFO :: Human in (19, 23)
2020-05-01 18:33:09,511 :: INFO :: Human in (21, 16)
2020-05-01 18:33:09,511 :: INFO :: Human in (26, 10)
2020-05-01 18:33:09,512 :: INFO :: Human in (16, 21)
2020-05-01 18:33:09,512 :: INFO :: Human in (20, 2)
2020-05-01 18:33:09,512 :: INFO :: Human in (9, 23)
2020-05-01 18:33:09,512 :: INFO :: Human in (9, 25)
2020-05-01 18:33:09,512 :: INFO :: Human in (33, 27)
2020-05-01 18:33:09,512 :: INFO :: Human in (10, 15)
2020-05-01 18:33:09,513 :: INFO :: Human in (4, 13)
2020-05-01 18:33:09,513 :: INFO :: Human in (31, 34)
2020-05-01 18:33:09,513 :: INFO :: Human in (20, 26)
2020-05-01 18:33:09,513 :: INFO :: Human in (27, 8)
2020-05-01 18:33:09,513 :: INFO :: Human in (18, 28)
2020-05-01 18:33:09,514 :: INFO :: Human in (12, 0)
2020-05-01 18:33:09,514 :: INFO :: Human in (32, 19)
2020-05-01 18:33:09,514 :: INFO :: Human in (6, 22)
2020-05-01 18:33:09,514 :: INFO :: Human in (14, 9)
2020-05-01 18:33:09,514 :: INFO :: Human in (22, 13)
2020-05-01 18:33:09,514 :: INFO :: Human in (30, 7)
2020-05-01 18:33:09,514 :: INFO :: Human in (3, 18)
2020-05-01 18:33:09,514 :: INFO :: Human in (4, 33)
2020-05-01 18:33:09,515 :: INFO :: Human in (31, 24)
2020-05-01 18:33:09,515 :: INFO :: Human in (29, 21)
2020-05-01 18:33:09,515 :: INFO :: Human in (18, 17)
2020-05-01 18:33:09,515 :: INFO :: Human in (0, 10)
2020-05-01 18:33:09,515 :: INFO :: Human in (30, 29)
2020-05-01 18:33:09,515 :: INFO :: Human in (18, 22)
2020-05-01 18:33:09,515 :: INFO :: Human in (6, 13)
2020-05-01 18:33:09,515 :: INFO :: Human in (15, 33)
2020-05-01 18:33:09,515 :: INFO :: Human in (13, 27)
2020-05-01 18:33:09,516 :: INFO :: Human in (31, 9)
2020-05-01 18:33:09,516 :: INFO :: Human in (16, 31)
2020-05-01 18:33:09,516 :: INFO :: Human in (1, 1)
2020-05-01 18:33:09,516 :: INFO :: Human in (34, 34)
2020-05-01 18:33:09,516 :: INFO :: Human in (16, 13)
2020-05-01 18:33:09,516 :: INFO :: Human in (14, 33)
2020-05-01 18:33:09,516 :: INFO :: Human in (26, 31)
2020-05-01 18:33:09,516 :: INFO :: Human in (14, 7)
2020-05-01 18:33:09,516 :: INFO :: Human in (19, 31)
2020-05-01 18:33:09,517 :: INFO :: Human in (24, 1)
2020-05-01 18:33:09,517 :: INFO :: Human in (2, 10)
2020-05-01 18:33:09,517 :: INFO :: Human in (31, 6)
2020-05-01 18:33:09,517 :: INFO :: Human in (18, 32)
2020-05-01 18:33:09,517 :: INFO :: Human in (13, 33)
2020-05-01 18:33:09,517 :: INFO :: Human in (34, 21)
2020-05-01 18:33:09,517 :: INFO :: Human in (26, 20)
2020-05-01 18:33:09,518 :: INFO :: Human in (33, 14)
2020-05-01 18:33:09,518 :: INFO :: Human in (25, 17)
2020-05-01 18:33:09,518 :: INFO :: Human in (12, 21)
2020-05-01 18:33:09,518 :: INFO :: Human in (24, 16)
2020-05-01 18:33:09,518 :: INFO :: Human in (3, 26)
2020-05-01 18:33:09,518 :: INFO :: Human in (5, 3)
2020-05-01 18:33:09,518 :: INFO :: Human in (6, 24)
2020-05-01 18:33:09,519 :: INFO :: Human in (8, 12)
2020-05-01 18:33:09,519 :: INFO :: Human in (3, 23)
2020-05-01 18:33:09,519 :: INFO :: Human in (33, 8)
2020-05-01 18:33:09,519 :: INFO :: Human in (31, 4)
2020-05-01 18:33:09,519 :: INFO :: Human in (6, 14)
2020-05-01 18:33:09,520 :: INFO :: Human in (23, 18)
2020-05-01 18:33:09,520 :: INFO :: Human in (15, 6)
2020-05-01 18:33:09,520 :: INFO :: Human in (29, 14)
2020-05-01 18:33:09,520 :: INFO :: Human in (30, 24)
2020-05-01 18:33:09,520 :: INFO :: Human in (18, 2)
2020-05-01 18:33:09,521 :: INFO :: Human in (25, 16)
2020-05-01 18:33:09,521 :: INFO :: Human in (8, 33)
2020-05-01 18:33:09,521 :: INFO :: Human in (14, 19)
2020-05-01 18:33:09,521 :: INFO :: Human in (5, 1)
2020-05-01 18:33:09,521 :: INFO :: Human in (20, 15)
2020-05-01 18:33:09,521 :: INFO :: Human in (14, 12)
2020-05-01 18:33:09,522 :: INFO :: Human in (20, 32)
2020-05-01 18:33:09,522 :: INFO :: Human in (32, 8)
2020-05-01 18:33:09,522 :: INFO :: Human in (23, 33)
2020-05-01 18:33:09,522 :: INFO :: Human in (32, 7)
2020-05-01 18:33:09,522 :: INFO :: Human in (13, 14)
2020-05-01 18:33:09,523 :: INFO :: Human in (6, 30)
2020-05-01 18:33:09,523 :: INFO :: Human in (1, 29)
2020-05-01 18:33:09,523 :: INFO :: Human in (15, 13)
2020-05-01 18:33:09,523 :: INFO :: Human in (8, 22)
2020-05-01 18:33:09,523 :: INFO :: Human in (6, 34)
2020-05-01 18:33:09,523 :: INFO :: Human in (21, 17)
2020-05-01 18:33:09,524 :: INFO :: Human in (28, 31)
2020-05-01 18:33:09,524 :: INFO :: Human in (9, 8)
2020-05-01 18:33:09,524 :: INFO :: Human in (23, 34)
2020-05-01 18:33:09,524 :: INFO :: Human in (33, 6)
2020-05-01 18:33:09,524 :: INFO :: Human in (30, 22)
2020-05-01 18:33:09,525 :: INFO :: Human in (17, 22)
2020-05-01 18:33:09,525 :: INFO :: Human in (12, 3)
2020-05-01 18:33:09,525 :: INFO :: Human in (6, 7)
2020-05-01 18:33:09,525 :: INFO :: Human in (27, 24)
2020-05-01 18:33:09,525 :: INFO :: Human in (8, 6)
2020-05-01 18:33:09,526 :: INFO :: Human in (17, 25)
2020-05-01 18:33:09,526 :: INFO :: Human in (14, 18)
2020-05-01 18:33:09,526 :: INFO :: Human in (11, 7)
2020-05-01 18:33:09,526 :: INFO :: Human in (12, 13)
2020-05-01 18:33:09,527 :: INFO :: Human in (4, 17)
2020-05-01 18:33:09,527 :: INFO :: Human in (32, 14)
2020-05-01 18:33:09,527 :: INFO :: Human in (13, 18)
2020-05-01 18:33:09,527 :: INFO :: Human in (20, 22)
2020-05-01 18:33:09,528 :: INFO :: Human in (10, 23)
2020-05-01 18:33:09,528 :: INFO :: Hospital in (15, 34)
2020-05-01 18:33:09,528 :: INFO :: Hospital in (14, 34)
2020-05-01 18:33:09,528 :: INFO :: Hospital in (9, 10)
2020-05-01 18:33:09,528 :: INFO :: Hospital in (31, 19)
2020-05-01 18:33:09,528 :: INFO :: Hospital in (3, 10)
2020-05-01 18:33:09,529 :: INFO :: Hospital in (15, 30)
2020-05-01 18:33:09,529 :: INFO :: Hospital in (26, 32)
2020-05-01 18:33:09,529 :: INFO :: Hospital in (16, 3)
2020-05-01 18:33:09,529 :: INFO :: Hospital in (25, 3)
2020-05-01 18:33:09,529 :: INFO :: Hospital in (25, 23)
2020-05-01 18:33:21,172 :: INFO :: **** Iteration #1 ****
2020-05-01 18:33:22,041 :: INFO :: **** Iteration #2 ****
2020-05-01 18:33:22,488 :: INFO :: **** Iteration #3 ****
2020-05-01 18:33:22,799 :: INFO :: **** Iteration #4 ****
2020-05-01 18:33:22,970 :: INFO :: **** Iteration #5 ****
2020-05-01 18:33:23,146 :: INFO :: **** Iteration #6 ****
2020-05-01 18:33:23,326 :: INFO :: **** Iteration #7 ****
2020-05-01 18:33:23,498 :: INFO :: **** Iteration #8 ****
2020-05-01 18:33:23,673 :: INFO :: **** Iteration #9 ****
2020-05-01 18:33:23,844 :: INFO :: **** Iteration #10 ****
2020-05-01 18:33:24,005 :: INFO :: **** Iteration #11 ****
2020-05-01 18:33:24,161 :: INFO :: **** Iteration #12 ****
2020-05-01 18:33:24,326 :: INFO :: **** Iteration #13 ****
2020-05-01 18:33:24,487 :: INFO :: **** Iteration #14 ****
2020-05-01 18:33:24,653 :: INFO :: **** Iteration #15 ****
2020-05-01 18:33:24,834 :: INFO :: **** Iteration #16 ****
2020-05-01 18:33:24,979 :: INFO :: **** Iteration #17 ****
2020-05-01 18:33:25,195 :: INFO :: **** Iteration #18 ****
2020-05-01 18:33:25,396 :: INFO :: **** Iteration #19 ****
2020-05-01 18:33:25,577 :: INFO :: **** Iteration #20 ****
2020-05-01 18:33:25,775 :: INFO :: **** Iteration #21 ****
2020-05-01 18:33:25,959 :: INFO :: **** Iteration #22 ****
2020-05-01 18:33:26,165 :: INFO :: **** Iteration #23 ****
2020-05-01 18:33:26,361 :: INFO :: **** Iteration #24 ****
2020-05-01 18:33:26,557 :: INFO :: **** Iteration #25 ****
2020-05-01 18:33:26,738 :: INFO :: **** Iteration #26 ****
2020-05-01 18:33:26,928 :: INFO :: **** Iteration #27 ****
2020-05-01 18:33:27,129 :: INFO :: **** Iteration #28 ****
2020-05-01 18:33:27,309 :: INFO :: **** Iteration #29 ****
2020-05-01 18:33:27,490 :: INFO :: **** Iteration #30 ****
2020-05-01 18:33:27,497 :: INFO :: [STOP] Maximum iterations reached (30)
2020-05-01 18:37:47,338 :: INFO :: **** INITIALIZATION ****
2020-05-01 18:37:47,338 :: INFO :: Human in (28, 29)
2020-05-01 18:37:47,338 :: INFO :: Human in (20, 20)
2020-05-01 18:37:47,338 :: INFO :: Human in (22, 22)
2020-05-01 18:37:47,338 :: INFO :: Human in (31, 8)
2020-05-01 18:37:47,338 :: INFO :: Human in (24, 2)
2020-05-01 18:37:47,339 :: INFO :: Human in (27, 24)
2020-05-01 18:37:47,339 :: INFO :: Human in (24, 25)
2020-05-01 18:37:47,339 :: INFO :: Human in (22, 3)
2020-05-01 18:37:47,339 :: INFO :: Human in (4, 25)
2020-05-01 18:37:47,339 :: INFO :: Human in (4, 30)
2020-05-01 18:37:47,339 :: INFO :: Human in (1, 15)
2020-05-01 18:37:47,339 :: INFO :: Human in (34, 32)
2020-05-01 18:37:47,340 :: INFO :: Human in (1, 2)
2020-05-01 18:37:47,340 :: INFO :: Human in (20, 12)
2020-05-01 18:37:47,340 :: INFO :: Human in (4, 33)
2020-05-01 18:37:47,340 :: INFO :: Human in (17, 2)
2020-05-01 18:37:47,340 :: INFO :: Human in (2, 24)
2020-05-01 18:37:47,340 :: INFO :: Human in (28, 32)
2020-05-01 18:37:47,340 :: INFO :: Human in (18, 29)
2020-05-01 18:37:47,340 :: INFO :: Human in (21, 2)
2020-05-01 18:37:47,341 :: INFO :: Human in (1, 21)
2020-05-01 18:37:47,341 :: INFO :: Human in (25, 26)
2020-05-01 18:37:47,341 :: INFO :: Human in (10, 32)
2020-05-01 18:37:47,341 :: INFO :: Human in (20, 33)
2020-05-01 18:37:47,341 :: INFO :: Human in (9, 3)
2020-05-01 18:37:47,341 :: INFO :: Human in (5, 31)
2020-05-01 18:37:47,341 :: INFO :: Human in (34, 12)
2020-05-01 18:37:47,342 :: INFO :: Human in (9, 26)
2020-05-01 18:37:47,342 :: INFO :: Human in (34, 14)
2020-05-01 18:37:47,342 :: INFO :: Human in (31, 12)
2020-05-01 18:37:47,342 :: INFO :: Human in (24, 24)
2020-05-01 18:37:47,342 :: INFO :: Human in (4, 9)
2020-05-01 18:37:47,342 :: INFO :: Human in (13, 8)
2020-05-01 18:37:47,342 :: INFO :: Human in (10, 12)
2020-05-01 18:37:47,342 :: INFO :: Human in (3, 24)
2020-05-01 18:37:47,343 :: INFO :: Human in (33, 34)
2020-05-01 18:37:47,343 :: INFO :: Human in (28, 2)
2020-05-01 18:37:47,343 :: INFO :: Human in (32, 14)
2020-05-01 18:37:47,343 :: INFO :: Human in (13, 24)
2020-05-01 18:37:47,343 :: INFO :: Human in (2, 18)
2020-05-01 18:37:47,343 :: INFO :: Human in (10, 10)
2020-05-01 18:37:47,343 :: INFO :: Human in (29, 16)
2020-05-01 18:37:47,344 :: INFO :: Human in (11, 13)
2020-05-01 18:37:47,344 :: INFO :: Human in (0, 30)
2020-05-01 18:37:47,344 :: INFO :: Human in (12, 15)
2020-05-01 18:37:47,344 :: INFO :: Human in (0, 29)
2020-05-01 18:37:47,344 :: INFO :: Human in (31, 33)
2020-05-01 18:37:47,344 :: INFO :: Human in (4, 34)
2020-05-01 18:37:47,345 :: INFO :: Human in (25, 3)
2020-05-01 18:37:47,345 :: INFO :: Human in (28, 33)
2020-05-01 18:37:47,345 :: INFO :: Human in (8, 30)
2020-05-01 18:37:47,345 :: INFO :: Human in (11, 18)
2020-05-01 18:37:47,345 :: INFO :: Human in (14, 13)
2020-05-01 18:37:47,345 :: INFO :: Human in (1, 29)
2020-05-01 18:37:47,346 :: INFO :: Human in (18, 17)
2020-05-01 18:37:47,346 :: INFO :: Human in (2, 27)
2020-05-01 18:37:47,346 :: INFO :: Human in (25, 27)
2020-05-01 18:37:47,346 :: INFO :: Human in (7, 4)
2020-05-01 18:37:47,346 :: INFO :: Human in (19, 7)
2020-05-01 18:37:47,346 :: INFO :: Human in (25, 24)
2020-05-01 18:37:47,346 :: INFO :: Human in (9, 0)
2020-05-01 18:37:47,347 :: INFO :: Human in (11, 34)
2020-05-01 18:37:47,347 :: INFO :: Human in (27, 22)
2020-05-01 18:37:47,347 :: INFO :: Human in (30, 3)
2020-05-01 18:37:47,347 :: INFO :: Human in (14, 9)
2020-05-01 18:37:47,347 :: INFO :: Human in (9, 12)
2020-05-01 18:37:47,347 :: INFO :: Human in (9, 22)
2020-05-01 18:37:47,348 :: INFO :: Human in (5, 7)
2020-05-01 18:37:47,348 :: INFO :: Human in (13, 5)
2020-05-01 18:37:47,348 :: INFO :: Human in (18, 33)
2020-05-01 18:37:47,348 :: INFO :: Human in (15, 13)
2020-05-01 18:37:47,348 :: INFO :: Human in (3, 20)
2020-05-01 18:37:47,348 :: INFO :: Human in (2, 28)
2020-05-01 18:37:47,348 :: INFO :: Human in (7, 34)
2020-05-01 18:37:47,349 :: INFO :: Human in (2, 32)
2020-05-01 18:37:47,349 :: INFO :: Human in (7, 7)
2020-05-01 18:37:47,349 :: INFO :: Human in (5, 16)
2020-05-01 18:37:47,349 :: INFO :: Human in (4, 29)
2020-05-01 18:37:47,349 :: INFO :: Human in (17, 30)
2020-05-01 18:37:47,349 :: INFO :: Human in (0, 11)
2020-05-01 18:37:47,349 :: INFO :: Human in (5, 33)
2020-05-01 18:37:47,349 :: INFO :: Human in (32, 32)
2020-05-01 18:37:47,350 :: INFO :: Human in (0, 2)
2020-05-01 18:37:47,350 :: INFO :: Human in (0, 26)
2020-05-01 18:37:47,350 :: INFO :: Human in (8, 2)
2020-05-01 18:37:47,350 :: INFO :: Human in (20, 13)
2020-05-01 18:37:47,350 :: INFO :: Human in (9, 29)
2020-05-01 18:37:47,350 :: INFO :: Human in (16, 18)
2020-05-01 18:37:47,351 :: INFO :: Human in (24, 31)
2020-05-01 18:37:47,351 :: INFO :: Human in (17, 0)
2020-05-01 18:37:47,351 :: INFO :: Human in (6, 16)
2020-05-01 18:37:47,351 :: INFO :: Human in (24, 20)
2020-05-01 18:37:47,351 :: INFO :: Human in (14, 26)
2020-05-01 18:37:47,351 :: INFO :: Human in (2, 33)
2020-05-01 18:37:47,352 :: INFO :: Human in (1, 4)
2020-05-01 18:37:47,352 :: INFO :: Human in (17, 28)
2020-05-01 18:37:47,352 :: INFO :: Human in (17, 17)
2020-05-01 18:37:47,352 :: INFO :: Human in (27, 10)
2020-05-01 18:37:47,353 :: INFO :: Human in (25, 21)
2020-05-01 18:37:47,353 :: INFO :: Human in (27, 13)
2020-05-01 18:37:47,353 :: INFO :: Hospital in (13, 29)
2020-05-01 18:37:47,353 :: INFO :: Hospital in (25, 22)
2020-05-01 18:37:47,353 :: INFO :: Hospital in (16, 10)
2020-05-01 18:37:47,353 :: INFO :: Hospital in (34, 8)
2020-05-01 18:37:47,354 :: INFO :: Hospital in (30, 5)
2020-05-01 18:37:47,354 :: INFO :: Hospital in (10, 22)
2020-05-01 18:37:47,354 :: INFO :: Hospital in (22, 19)
2020-05-01 18:37:47,354 :: INFO :: Hospital in (28, 13)
2020-05-01 18:37:47,354 :: INFO :: Hospital in (14, 14)
2020-05-01 18:37:47,355 :: INFO :: Hospital in (23, 3)
2020-05-01 18:37:48,121 :: INFO :: **** Iteration #1 ****
2020-05-01 18:37:48,477 :: INFO :: **** Iteration #2 ****
2020-05-01 18:37:48,718 :: INFO :: **** Iteration #3 ****
2020-05-01 18:37:48,914 :: INFO :: **** Iteration #4 ****
2020-05-01 18:37:49,115 :: INFO :: **** Iteration #5 ****
2020-05-01 18:37:49,286 :: INFO :: **** Iteration #6 ****
2020-05-01 18:37:49,442 :: INFO :: **** Iteration #7 ****
2020-05-01 18:37:49,582 :: INFO :: **** Iteration #8 ****
2020-05-01 18:37:49,728 :: INFO :: **** Iteration #9 ****
2020-05-01 18:37:49,869 :: INFO :: **** Iteration #10 ****
2020-05-01 18:37:50,004 :: INFO :: **** Iteration #11 ****
2020-05-01 18:37:50,140 :: INFO :: **** Iteration #12 ****
2020-05-01 18:37:50,271 :: INFO :: **** Iteration #13 ****
2020-05-01 18:37:50,411 :: INFO :: **** Iteration #14 ****
2020-05-01 18:37:50,536 :: INFO :: **** Iteration #15 ****
2020-05-01 18:37:50,684 :: INFO :: **** Iteration #16 ****
2020-05-01 18:37:50,919 :: INFO :: **** Iteration #17 ****
2020-05-01 18:37:51,059 :: INFO :: **** Iteration #18 ****
2020-05-01 18:37:51,195 :: INFO :: **** Iteration #19 ****
2020-05-01 18:37:51,341 :: INFO :: **** Iteration #20 ****
2020-05-01 18:37:51,481 :: INFO :: **** Iteration #21 ****
2020-05-01 18:37:51,652 :: INFO :: **** Iteration #22 ****
2020-05-01 18:37:51,798 :: INFO :: **** Iteration #23 ****
2020-05-01 18:37:51,938 :: INFO :: **** Iteration #24 ****
2020-05-01 18:37:52,091 :: INFO :: **** Iteration #25 ****
2020-05-01 18:37:52,225 :: INFO :: **** Iteration #26 ****
2020-05-01 18:37:52,401 :: INFO :: **** Iteration #27 ****
2020-05-01 18:37:52,552 :: INFO :: **** Iteration #28 ****
2020-05-01 18:37:52,697 :: INFO :: **** Iteration #29 ****
2020-05-01 18:37:52,843 :: INFO :: **** Iteration #30 ****
2020-05-01 18:37:52,846 :: INFO :: [STOP] Maximum iterations reached (30)
2020-05-01 18:42:13,000 :: INFO :: **** INITIALIZATION ****
2020-05-01 18:42:13,000 :: INFO :: Human in (22, 21)
2020-05-01 18:42:13,000 :: INFO :: Human in (12, 33)
2020-05-01 18:42:13,001 :: INFO :: Human in (33, 8)
2020-05-01 18:42:13,001 :: INFO :: Human in (22, 2)
2020-05-01 18:42:13,001 :: INFO :: Human in (4, 32)
2020-05-01 18:42:13,001 :: INFO :: Human in (5, 7)
2020-05-01 18:42:13,001 :: INFO :: Human in (21, 8)
2020-05-01 18:42:13,001 :: INFO :: Human in (8, 5)
2020-05-01 18:42:13,001 :: INFO :: Human in (9, 25)
2020-05-01 18:42:13,002 :: INFO :: Human in (9, 12)
2020-05-01 18:42:13,002 :: INFO :: Human in (1, 24)
2020-05-01 18:42:13,002 :: INFO :: Human in (24, 26)
2020-05-01 18:42:13,002 :: INFO :: Human in (29, 26)
2020-05-01 18:42:13,002 :: INFO :: Human in (14, 21)
2020-05-01 18:42:13,002 :: INFO :: Human in (7, 1)
2020-05-01 18:42:13,002 :: INFO :: Human in (21, 16)
2020-05-01 18:42:13,002 :: INFO :: Human in (32, 19)
2020-05-01 18:42:13,002 :: INFO :: Human in (10, 15)
2020-05-01 18:42:13,003 :: INFO :: Human in (1, 5)
2020-05-01 18:42:13,003 :: INFO :: Human in (30, 8)
2020-05-01 18:42:13,003 :: INFO :: Human in (17, 9)
2020-05-01 18:42:13,003 :: INFO :: Human in (25, 17)
2020-05-01 18:42:13,003 :: INFO :: Human in (20, 17)
2020-05-01 18:42:13,003 :: INFO :: Human in (2, 26)
2020-05-01 18:42:13,003 :: INFO :: Human in (0, 7)
2020-05-01 18:42:13,003 :: INFO :: Human in (16, 24)
2020-05-01 18:42:13,003 :: INFO :: Human in (12, 30)
2020-05-01 18:42:13,004 :: INFO :: Human in (16, 32)
2020-05-01 18:42:13,004 :: INFO :: Human in (16, 20)
2020-05-01 18:42:13,004 :: INFO :: Human in (6, 11)
2020-05-01 18:42:13,004 :: INFO :: Human in (15, 19)
2020-05-01 18:42:13,004 :: INFO :: Human in (21, 14)
2020-05-01 18:42:13,004 :: INFO :: Human in (5, 33)
2020-05-01 18:42:13,004 :: INFO :: Human in (29, 11)
2020-05-01 18:42:13,004 :: INFO :: Human in (32, 17)
2020-05-01 18:42:13,004 :: INFO :: Human in (0, 32)
2020-05-01 18:42:13,005 :: INFO :: Human in (32, 29)
2020-05-01 18:42:13,005 :: INFO :: Human in (23, 32)
2020-05-01 18:42:13,005 :: INFO :: Human in (13, 22)
2020-05-01 18:42:13,005 :: INFO :: Human in (20, 14)
2020-05-01 18:42:13,005 :: INFO :: Human in (10, 30)
2020-05-01 18:42:13,005 :: INFO :: Human in (12, 11)
2020-05-01 18:42:13,005 :: INFO :: Human in (2, 0)
2020-05-01 18:42:13,005 :: INFO :: Human in (15, 26)
2020-05-01 18:42:13,006 :: INFO :: Human in (16, 25)
2020-05-01 18:42:13,006 :: INFO :: Human in (21, 5)
2020-05-01 18:42:13,006 :: INFO :: Human in (23, 6)
2020-05-01 18:42:13,006 :: INFO :: Human in (20, 11)
2020-05-01 18:42:13,006 :: INFO :: Human in (31, 16)
2020-05-01 18:42:13,006 :: INFO :: Human in (2, 17)
2020-05-01 18:42:13,006 :: INFO :: Human in (28, 30)
2020-05-01 18:42:13,006 :: INFO :: Human in (13, 1)
2020-05-01 18:42:13,007 :: INFO :: Human in (14, 24)
2020-05-01 18:42:13,007 :: INFO :: Human in (5, 24)
2020-05-01 18:42:13,007 :: INFO :: Human in (16, 13)
2020-05-01 18:42:13,007 :: INFO :: Human in (10, 17)
2020-05-01 18:42:13,007 :: INFO :: Human in (4, 13)
2020-05-01 18:42:13,007 :: INFO :: Human in (31, 3)
2020-05-01 18:42:13,007 :: INFO :: Human in (34, 23)
2020-05-01 18:42:13,007 :: INFO :: Human in (31, 7)
2020-05-01 18:42:13,008 :: INFO :: Human in (27, 8)
2020-05-01 18:42:13,008 :: INFO :: Human in (13, 33)
2020-05-01 18:42:13,008 :: INFO :: Human in (34, 9)
2020-05-01 18:42:13,008 :: INFO :: Human in (21, 19)
2020-05-01 18:42:13,008 :: INFO :: Human in (25, 7)
2020-05-01 18:42:13,008 :: INFO :: Human in (34, 5)
2020-05-01 18:42:13,008 :: INFO :: Human in (15, 27)
2020-05-01 18:42:13,008 :: INFO :: Human in (8, 26)
2020-05-01 18:42:13,009 :: INFO :: Human in (14, 30)
2020-05-01 18:42:13,009 :: INFO :: Human in (17, 6)
2020-05-01 18:42:13,009 :: INFO :: Human in (0, 28)
2020-05-01 18:42:13,009 :: INFO :: Human in (21, 20)
2020-05-01 18:42:13,009 :: INFO :: Human in (9, 23)
2020-05-01 18:42:13,009 :: INFO :: Human in (24, 6)
2020-05-01 18:42:13,009 :: INFO :: Human in (15, 22)
2020-05-01 18:42:13,009 :: INFO :: Human in (1, 23)
2020-05-01 18:42:13,009 :: INFO :: Human in (20, 6)
2020-05-01 18:42:13,010 :: INFO :: Human in (3, 22)
2020-05-01 18:42:13,010 :: INFO :: Human in (10, 8)
2020-05-01 18:42:13,010 :: INFO :: Human in (0, 5)
2020-05-01 18:42:13,010 :: INFO :: Human in (26, 10)
2020-05-01 18:42:13,010 :: INFO :: Human in (19, 9)
2020-05-01 18:42:13,010 :: INFO :: Human in (15, 32)
2020-05-01 18:42:13,010 :: INFO :: Human in (30, 29)
2020-05-01 18:42:13,011 :: INFO :: Human in (19, 1)
2020-05-01 18:42:13,011 :: INFO :: Human in (26, 0)
2020-05-01 18:42:13,011 :: INFO :: Human in (13, 8)
2020-05-01 18:42:13,011 :: INFO :: Human in (6, 7)
2020-05-01 18:42:13,011 :: INFO :: Human in (9, 8)
2020-05-01 18:42:13,011 :: INFO :: Human in (2, 1)
2020-05-01 18:42:13,012 :: INFO :: Human in (27, 12)
2020-05-01 18:42:13,012 :: INFO :: Human in (25, 12)
2020-05-01 18:42:13,012 :: INFO :: Human in (7, 13)
2020-05-01 18:42:13,012 :: INFO :: Human in (28, 5)
2020-05-01 18:42:13,012 :: INFO :: Human in (11, 17)
2020-05-01 18:42:13,012 :: INFO :: Human in (2, 30)
2020-05-01 18:42:13,012 :: INFO :: Human in (27, 28)
2020-05-01 18:42:13,013 :: INFO :: Human in (27, 3)
2020-05-01 18:42:13,013 :: INFO :: Human in (17, 24)
2020-05-01 18:42:13,013 :: INFO :: Human in (24, 10)
2020-05-01 18:42:13,013 :: INFO :: Hospital in (16, 1)
2020-05-01 18:42:13,013 :: INFO :: Hospital in (20, 15)
2020-05-01 18:42:13,013 :: INFO :: Hospital in (32, 15)
2020-05-01 18:42:13,013 :: INFO :: Hospital in (34, 24)
2020-05-01 18:42:13,013 :: INFO :: Hospital in (14, 9)
2020-05-01 18:42:13,014 :: INFO :: Hospital in (28, 32)
2020-05-01 18:42:13,014 :: INFO :: Hospital in (25, 2)
2020-05-01 18:42:13,014 :: INFO :: Hospital in (18, 29)
2020-05-01 18:42:13,014 :: INFO :: Hospital in (32, 2)
2020-05-01 18:42:13,014 :: INFO :: Hospital in (32, 0)
2020-05-01 18:42:22,157 :: INFO :: **** INITIALIZATION ****
2020-05-01 18:42:22,157 :: INFO :: Human in (8, 26)
2020-05-01 18:42:22,157 :: INFO :: Human in (15, 7)
2020-05-01 18:42:22,157 :: INFO :: Human in (30, 30)
2020-05-01 18:42:22,157 :: INFO :: Human in (34, 15)
2020-05-01 18:42:22,157 :: INFO :: Human in (1, 27)
2020-05-01 18:42:22,157 :: INFO :: Human in (29, 25)
2020-05-01 18:42:22,157 :: INFO :: Human in (23, 29)
2020-05-01 18:42:22,158 :: INFO :: Human in (8, 6)
2020-05-01 18:42:22,158 :: INFO :: Human in (8, 11)
2020-05-01 18:42:22,158 :: INFO :: Human in (18, 10)
2020-05-01 18:42:22,158 :: INFO :: Human in (19, 1)
2020-05-01 18:42:22,158 :: INFO :: Human in (16, 24)
2020-05-01 18:42:22,158 :: INFO :: Human in (11, 6)
2020-05-01 18:42:22,158 :: INFO :: Human in (4, 19)
2020-05-01 18:42:22,159 :: INFO :: Human in (8, 1)
2020-05-01 18:42:22,159 :: INFO :: Human in (28, 31)
2020-05-01 18:42:22,159 :: INFO :: Human in (4, 16)
2020-05-01 18:42:22,159 :: INFO :: Human in (0, 10)
2020-05-01 18:42:22,159 :: INFO :: Human in (30, 10)
2020-05-01 18:42:22,159 :: INFO :: Human in (29, 30)
2020-05-01 18:42:22,159 :: INFO :: Human in (14, 5)
2020-05-01 18:42:22,160 :: INFO :: Human in (2, 4)
2020-05-01 18:42:22,160 :: INFO :: Human in (22, 30)
2020-05-01 18:42:22,160 :: INFO :: Human in (6, 6)
2020-05-01 18:42:22,160 :: INFO :: Human in (5, 16)
2020-05-01 18:42:22,160 :: INFO :: Human in (4, 11)
2020-05-01 18:42:22,160 :: INFO :: Human in (17, 27)
2020-05-01 18:42:22,160 :: INFO :: Human in (21, 7)
2020-05-01 18:42:22,160 :: INFO :: Human in (21, 26)
2020-05-01 18:42:22,161 :: INFO :: Human in (31, 24)
2020-05-01 18:42:22,161 :: INFO :: Human in (25, 22)
2020-05-01 18:42:22,161 :: INFO :: Human in (34, 24)
2020-05-01 18:42:22,161 :: INFO :: Human in (32, 13)
2020-05-01 18:42:22,161 :: INFO :: Human in (11, 13)
2020-05-01 18:42:22,161 :: INFO :: Human in (17, 7)
2020-05-01 18:42:22,161 :: INFO :: Human in (26, 30)
2020-05-01 18:42:22,161 :: INFO :: Human in (12, 2)
2020-05-01 18:42:22,161 :: INFO :: Human in (25, 23)
2020-05-01 18:42:22,162 :: INFO :: Human in (9, 18)
2020-05-01 18:42:22,162 :: INFO :: Human in (28, 21)
2020-05-01 18:42:22,162 :: INFO :: Human in (5, 28)
2020-05-01 18:42:22,162 :: INFO :: Human in (23, 13)
2020-05-01 18:42:22,162 :: INFO :: Human in (22, 23)
2020-05-01 18:42:22,162 :: INFO :: Human in (31, 2)
2020-05-01 18:42:22,162 :: INFO :: Human in (10, 13)
2020-05-01 18:42:22,163 :: INFO :: Human in (25, 33)
2020-05-01 18:42:22,163 :: INFO :: Human in (1, 7)
2020-05-01 18:42:22,163 :: INFO :: Human in (31, 1)
2020-05-01 18:42:22,163 :: INFO :: Human in (0, 24)
2020-05-01 18:42:22,163 :: INFO :: Human in (20, 18)
2020-05-01 18:42:22,163 :: INFO :: Human in (5, 33)
2020-05-01 18:42:22,163 :: INFO :: Human in (21, 25)
2020-05-01 18:42:22,164 :: INFO :: Human in (27, 1)
2020-05-01 18:42:22,164 :: INFO :: Human in (4, 25)
2020-05-01 18:42:22,164 :: INFO :: Human in (26, 34)
2020-05-01 18:42:22,164 :: INFO :: Human in (27, 3)
2020-05-01 18:42:22,164 :: INFO :: Human in (9, 9)
2020-05-01 18:42:22,164 :: INFO :: Human in (23, 3)
2020-05-01 18:42:22,164 :: INFO :: Human in (30, 19)
2020-05-01 18:42:22,164 :: INFO :: Human in (17, 8)
2020-05-01 18:42:22,165 :: INFO :: Human in (22, 31)
2020-05-01 18:42:22,165 :: INFO :: Human in (32, 25)
2020-05-01 18:42:22,165 :: INFO :: Human in (6, 16)
2020-05-01 18:42:22,165 :: INFO :: Human in (4, 30)
2020-05-01 18:42:22,165 :: INFO :: Human in (25, 18)
2020-05-01 18:42:22,165 :: INFO :: Human in (10, 6)
2020-05-01 18:42:22,165 :: INFO :: Human in (13, 19)
2020-05-01 18:42:22,165 :: INFO :: Human in (28, 22)
2020-05-01 18:42:22,166 :: INFO :: Human in (0, 22)
2020-05-01 18:42:22,166 :: INFO :: Human in (27, 20)
2020-05-01 18:42:22,166 :: INFO :: Human in (29, 7)
2020-05-01 18:42:22,166 :: INFO :: Human in (2, 30)
2020-05-01 18:42:22,166 :: INFO :: Human in (20, 24)
2020-05-01 18:42:22,166 :: INFO :: Human in (28, 32)
2020-05-01 18:42:22,166 :: INFO :: Human in (28, 9)
2020-05-01 18:42:22,166 :: INFO :: Human in (9, 20)
2020-05-01 18:42:22,167 :: INFO :: Human in (11, 11)
2020-05-01 18:42:22,167 :: INFO :: Human in (29, 34)
2020-05-01 18:42:22,167 :: INFO :: Human in (3, 18)
2020-05-01 18:42:22,167 :: INFO :: Human in (1, 25)
2020-05-01 18:42:22,167 :: INFO :: Human in (23, 10)
2020-05-01 18:42:22,167 :: INFO :: Human in (0, 13)
2020-05-01 18:42:22,167 :: INFO :: Human in (18, 33)
2020-05-01 18:42:22,167 :: INFO :: Human in (11, 25)
2020-05-01 18:42:22,168 :: INFO :: Human in (18, 34)
2020-05-01 18:42:22,168 :: INFO :: Human in (17, 26)
2020-05-01 18:42:22,168 :: INFO :: Human in (13, 22)
2020-05-01 18:42:22,168 :: INFO :: Human in (21, 15)
2020-05-01 18:42:22,168 :: INFO :: Human in (29, 8)
2020-05-01 18:42:22,168 :: INFO :: Human in (22, 1)
2020-05-01 18:42:22,168 :: INFO :: Human in (6, 12)
2020-05-01 18:42:22,168 :: INFO :: Human in (2, 10)
2020-05-01 18:42:22,169 :: INFO :: Human in (7, 34)
2020-05-01 18:42:22,169 :: INFO :: Human in (13, 21)
2020-05-01 18:42:22,169 :: INFO :: Human in (0, 16)
2020-05-01 18:42:22,169 :: INFO :: Human in (15, 22)
2020-05-01 18:42:22,169 :: INFO :: Human in (6, 33)
2020-05-01 18:42:22,169 :: INFO :: Human in (11, 23)
2020-05-01 18:42:22,169 :: INFO :: Human in (21, 0)
2020-05-01 18:42:22,170 :: INFO :: Human in (24, 11)
2020-05-01 18:42:22,170 :: INFO :: Hospital in (12, 9)
2020-05-01 18:42:22,170 :: INFO :: Hospital in (22, 10)
2020-05-01 18:42:22,170 :: INFO :: Hospital in (19, 12)
2020-05-01 18:42:22,170 :: INFO :: Hospital in (21, 1)
2020-05-01 18:42:22,170 :: INFO :: Hospital in (34, 29)
2020-05-01 18:42:22,170 :: INFO :: Hospital in (14, 20)
2020-05-01 18:42:22,170 :: INFO :: Hospital in (30, 0)
2020-05-01 18:42:22,171 :: INFO :: Hospital in (33, 20)
2020-05-01 18:42:22,171 :: INFO :: Hospital in (22, 28)
2020-05-01 18:42:22,171 :: INFO :: Hospital in (9, 10)
2020-05-01 18:45:52,551 :: INFO :: **** INITIALIZATION ****
2020-05-01 18:45:52,551 :: INFO :: Human in (5, 30)
2020-05-01 18:45:52,551 :: INFO :: Human in (16, 33)
2020-05-01 18:45:52,551 :: INFO :: Human in (14, 8)
2020-05-01 18:45:52,552 :: INFO :: Human in (27, 6)
2020-05-01 18:45:52,552 :: INFO :: Human in (20, 28)
2020-05-01 18:45:52,552 :: INFO :: Human in (13, 18)
2020-05-01 18:45:52,552 :: INFO :: Human in (7, 33)
2020-05-01 18:45:52,552 :: INFO :: Human in (5, 23)
2020-05-01 18:45:52,552 :: INFO :: Human in (20, 11)
2020-05-01 18:45:52,552 :: INFO :: Human in (25, 8)
2020-05-01 18:45:52,553 :: INFO :: Human in (14, 10)
2020-05-01 18:45:52,553 :: INFO :: Human in (7, 7)
2020-05-01 18:45:52,553 :: INFO :: Human in (8, 32)
2020-05-01 18:45:52,553 :: INFO :: Human in (19, 30)
2020-05-01 18:45:52,553 :: INFO :: Human in (26, 13)
2020-05-01 18:45:52,553 :: INFO :: Human in (6, 22)
2020-05-01 18:45:52,554 :: INFO :: Human in (0, 34)
2020-05-01 18:45:52,554 :: INFO :: Human in (7, 34)
2020-05-01 18:45:52,554 :: INFO :: Human in (9, 27)
2020-05-01 18:45:52,554 :: INFO :: Human in (31, 26)
2020-05-01 18:45:52,554 :: INFO :: Human in (11, 28)
2020-05-01 18:45:52,554 :: INFO :: Human in (33, 30)
2020-05-01 18:45:52,554 :: INFO :: Human in (26, 4)
2020-05-01 18:45:52,554 :: INFO :: Human in (3, 30)
2020-05-01 18:45:52,555 :: INFO :: Human in (12, 7)
2020-05-01 18:45:52,555 :: INFO :: Human in (6, 19)
2020-05-01 18:45:52,555 :: INFO :: Human in (32, 4)
2020-05-01 18:45:52,555 :: INFO :: Human in (28, 24)
2020-05-01 18:45:52,555 :: INFO :: Human in (1, 16)
2020-05-01 18:45:52,555 :: INFO :: Human in (22, 11)
2020-05-01 18:45:52,555 :: INFO :: Human in (9, 7)
2020-05-01 18:45:52,556 :: INFO :: Human in (2, 14)
2020-05-01 18:45:52,556 :: INFO :: Human in (25, 11)
2020-05-01 18:45:52,556 :: INFO :: Human in (7, 18)
2020-05-01 18:45:52,556 :: INFO :: Human in (32, 25)
2020-05-01 18:45:52,556 :: INFO :: Human in (28, 27)
2020-05-01 18:45:52,556 :: INFO :: Human in (27, 24)
2020-05-01 18:45:52,557 :: INFO :: Human in (31, 13)
2020-05-01 18:45:52,557 :: INFO :: Human in (28, 19)
2020-05-01 18:45:52,557 :: INFO :: Human in (22, 15)
2020-05-01 18:45:52,557 :: INFO :: Human in (21, 24)
2020-05-01 18:45:52,557 :: INFO :: Human in (32, 23)
2020-05-01 18:45:52,557 :: INFO :: Human in (14, 20)
2020-05-01 18:45:52,557 :: INFO :: Human in (27, 28)
2020-05-01 18:45:52,558 :: INFO :: Human in (29, 10)
2020-05-01 18:45:52,558 :: INFO :: Human in (33, 11)
2020-05-01 18:45:52,558 :: INFO :: Human in (5, 32)
2020-05-01 18:45:52,558 :: INFO :: Human in (28, 7)
2020-05-01 18:45:52,558 :: INFO :: Human in (34, 20)
2020-05-01 18:45:52,558 :: INFO :: Human in (32, 7)
2020-05-01 18:45:52,558 :: INFO :: Human in (21, 2)
2020-05-01 18:45:52,559 :: INFO :: Human in (17, 20)
2020-05-01 18:45:52,559 :: INFO :: Human in (21, 27)
2020-05-01 18:45:52,559 :: INFO :: Human in (30, 32)
2020-05-01 18:45:52,559 :: INFO :: Human in (5, 6)
2020-05-01 18:45:52,559 :: INFO :: Human in (1, 32)
2020-05-01 18:45:52,559 :: INFO :: Human in (1, 15)
2020-05-01 18:45:52,559 :: INFO :: Human in (10, 23)
2020-05-01 18:45:52,560 :: INFO :: Human in (34, 6)
2020-05-01 18:45:52,560 :: INFO :: Human in (26, 11)
2020-05-01 18:45:52,560 :: INFO :: Human in (8, 23)
2020-05-01 18:45:52,560 :: INFO :: Human in (1, 12)
2020-05-01 18:45:52,560 :: INFO :: Human in (22, 29)
2020-05-01 18:45:52,560 :: INFO :: Human in (7, 30)
2020-05-01 18:45:52,560 :: INFO :: Human in (33, 31)
2020-05-01 18:45:52,561 :: INFO :: Human in (7, 20)
2020-05-01 18:45:52,561 :: INFO :: Human in (17, 17)
2020-05-01 18:45:52,561 :: INFO :: Human in (26, 31)
2020-05-01 18:45:52,561 :: INFO :: Human in (6, 23)
2020-05-01 18:45:52,561 :: INFO :: Human in (4, 24)
2020-05-01 18:45:52,561 :: INFO :: Human in (26, 14)
2020-05-01 18:45:52,561 :: INFO :: Human in (8, 28)
2020-05-01 18:45:52,561 :: INFO :: Human in (8, 18)
2020-05-01 18:45:52,562 :: INFO :: Human in (24, 6)
2020-05-01 18:45:52,562 :: INFO :: Human in (2, 13)
2020-05-01 18:45:52,562 :: INFO :: Human in (32, 16)
2020-05-01 18:45:52,562 :: INFO :: Human in (30, 24)
2020-05-01 18:45:52,562 :: INFO :: Human in (5, 34)
2020-05-01 18:45:52,562 :: INFO :: Human in (8, 15)
2020-05-01 18:45:52,562 :: INFO :: Human in (20, 31)
2020-05-01 18:45:52,563 :: INFO :: Human in (28, 21)
2020-05-01 18:45:52,563 :: INFO :: Human in (0, 27)
2020-05-01 18:45:52,563 :: INFO :: Human in (3, 14)
2020-05-01 18:45:52,563 :: INFO :: Human in (31, 22)
2020-05-01 18:45:52,563 :: INFO :: Human in (6, 30)
2020-05-01 18:45:52,563 :: INFO :: Human in (9, 24)
2020-05-01 18:45:52,563 :: INFO :: Human in (13, 0)
2020-05-01 18:45:52,563 :: INFO :: Human in (34, 33)
2020-05-01 18:45:52,563 :: INFO :: Human in (26, 28)
2020-05-01 18:45:52,564 :: INFO :: Human in (18, 24)
2020-05-01 18:45:52,564 :: INFO :: Human in (1, 24)
2020-05-01 18:45:52,564 :: INFO :: Human in (31, 16)
2020-05-01 18:45:52,564 :: INFO :: Human in (1, 31)
2020-05-01 18:45:52,564 :: INFO :: Human in (34, 19)
2020-05-01 18:45:52,564 :: INFO :: Human in (23, 25)
2020-05-01 18:45:52,564 :: INFO :: Human in (17, 23)
2020-05-01 18:45:52,564 :: INFO :: Human in (26, 1)
2020-05-01 18:45:52,565 :: INFO :: Human in (32, 15)
2020-05-01 18:45:52,565 :: INFO :: Human in (3, 1)
2020-05-01 18:45:52,565 :: INFO :: Human in (17, 31)
2020-05-01 18:45:52,565 :: INFO :: Hospital in (31, 10)
2020-05-01 18:45:52,565 :: INFO :: Hospital in (19, 22)
2020-05-01 18:45:52,565 :: INFO :: Hospital in (21, 12)
2020-05-01 18:45:52,566 :: INFO :: Hospital in (29, 8)
2020-05-01 18:45:52,566 :: INFO :: Hospital in (29, 24)
2020-05-01 18:45:52,566 :: INFO :: Hospital in (27, 34)
2020-05-01 18:45:52,566 :: INFO :: Hospital in (7, 16)
2020-05-01 18:45:52,566 :: INFO :: Hospital in (11, 8)
2020-05-01 18:45:52,566 :: INFO :: Hospital in (8, 1)
2020-05-01 18:45:52,567 :: INFO :: Hospital in (2, 22)
2020-05-01 18:45:53,348 :: INFO :: **** Iteration #1 ****
2020-05-01 18:45:53,645 :: INFO :: **** Iteration #2 ****
2020-05-01 18:45:53,876 :: INFO :: **** Iteration #3 ****
2020-05-01 18:45:54,127 :: INFO :: **** Iteration #4 ****
2020-05-01 18:45:54,388 :: INFO :: **** Iteration #5 ****
2020-05-01 18:45:54,645 :: INFO :: **** Iteration #6 ****
2020-05-01 18:45:54,855 :: INFO :: **** Iteration #7 ****
2020-05-01 18:45:55,077 :: INFO :: **** Iteration #8 ****
2020-05-01 18:45:56,202 :: INFO :: **** Iteration #9 ****
2020-05-01 18:45:56,363 :: INFO :: **** Iteration #10 ****
2020-05-01 18:45:56,503 :: INFO :: **** Iteration #11 ****
2020-05-01 18:45:56,640 :: INFO :: **** Iteration #12 ****
2020-05-01 18:45:56,782 :: INFO :: **** Iteration #13 ****
2020-05-01 18:45:56,911 :: INFO :: **** Iteration #14 ****
2020-05-01 18:45:57,042 :: INFO :: **** Iteration #15 ****
2020-05-01 18:45:57,153 :: INFO :: **** Iteration #16 ****
2020-05-01 18:45:57,319 :: INFO :: **** Iteration #17 ****
2020-05-01 18:45:57,468 :: INFO :: **** Iteration #18 ****
2020-05-01 18:45:57,614 :: INFO :: **** Iteration #19 ****
2020-05-01 18:45:57,749 :: INFO :: **** Iteration #20 ****
2020-05-01 18:45:57,906 :: INFO :: **** Iteration #21 ****
2020-05-01 18:45:58,057 :: INFO :: **** Iteration #22 ****
2020-05-01 18:45:58,203 :: INFO :: **** Iteration #23 ****
2020-05-01 18:45:58,373 :: INFO :: **** Iteration #24 ****
2020-05-01 18:45:58,509 :: INFO :: **** Iteration #25 ****
2020-05-01 18:45:58,665 :: INFO :: **** Iteration #26 ****
2020-05-01 18:45:58,826 :: INFO :: **** Iteration #27 ****
2020-05-01 18:45:58,977 :: INFO :: **** Iteration #28 ****
2020-05-01 18:45:59,122 :: INFO :: **** Iteration #29 ****
2020-05-01 18:45:59,258 :: INFO :: **** Iteration #30 ****
2020-05-01 18:45:59,261 :: INFO :: [STOP] Maximum iterations reached (30)
2020-05-01 18:46:00,324 :: INFO :: **** INITIALIZATION ****
2020-05-01 18:46:00,324 :: INFO :: Human in (22, 10)
2020-05-01 18:46:00,324 :: INFO :: Human in (27, 13)
2020-05-01 18:46:00,324 :: INFO :: Human in (15, 13)
2020-05-01 18:46:00,325 :: INFO :: Human in (14, 1)
2020-05-01 18:46:00,325 :: INFO :: Human in (12, 32)
2020-05-01 18:46:00,325 :: INFO :: Human in (21, 2)
2020-05-01 18:46:00,325 :: INFO :: Human in (8, 23)
2020-05-01 18:46:00,325 :: INFO :: Human in (7, 33)
2020-05-01 18:46:00,325 :: INFO :: Human in (30, 32)
2020-05-01 18:46:00,325 :: INFO :: Human in (15, 27)
2020-05-01 18:46:00,325 :: INFO :: Human in (30, 33)
2020-05-01 18:46:00,326 :: INFO :: Human in (2, 10)
2020-05-01 18:46:00,326 :: INFO :: Human in (19, 25)
2020-05-01 18:46:00,326 :: INFO :: Human in (13, 5)
2020-05-01 18:46:00,326 :: INFO :: Human in (2, 9)
2020-05-01 18:46:00,326 :: INFO :: Human in (7, 24)
2020-05-01 18:46:00,326 :: INFO :: Human in (33, 29)
2020-05-01 18:46:00,326 :: INFO :: Human in (24, 4)
2020-05-01 18:46:00,326 :: INFO :: Human in (8, 28)
2020-05-01 18:46:00,327 :: INFO :: Human in (13, 4)
2020-05-01 18:46:00,327 :: INFO :: Human in (21, 31)
2020-05-01 18:46:00,327 :: INFO :: Human in (7, 1)
2020-05-01 18:46:00,327 :: INFO :: Human in (33, 12)
2020-05-01 18:46:00,327 :: INFO :: Human in (31, 4)
2020-05-01 18:46:00,327 :: INFO :: Human in (0, 13)
2020-05-01 18:46:00,327 :: INFO :: Human in (21, 19)
2020-05-01 18:46:00,328 :: INFO :: Human in (33, 22)
2020-05-01 18:46:00,328 :: INFO :: Human in (31, 28)
2020-05-01 18:46:00,328 :: INFO :: Human in (15, 33)
2020-05-01 18:46:00,328 :: INFO :: Human in (28, 14)
2020-05-01 18:46:00,328 :: INFO :: Human in (29, 25)
2020-05-01 18:46:00,328 :: INFO :: Human in (17, 2)
2020-05-01 18:46:00,328 :: INFO :: Human in (15, 21)
2020-05-01 18:46:00,328 :: INFO :: Human in (25, 34)
2020-05-01 18:46:00,329 :: INFO :: Human in (25, 7)
2020-05-01 18:46:00,329 :: INFO :: Human in (30, 7)
2020-05-01 18:46:00,329 :: INFO :: Human in (21, 16)
2020-05-01 18:46:00,329 :: INFO :: Human in (24, 23)
2020-05-01 18:46:00,329 :: INFO :: Human in (21, 17)
2020-05-01 18:46:00,329 :: INFO :: Human in (8, 32)
2020-05-01 18:46:00,329 :: INFO :: Human in (11, 6)
2020-05-01 18:46:00,330 :: INFO :: Human in (10, 28)
2020-05-01 18:46:00,330 :: INFO :: Human in (27, 27)
2020-05-01 18:46:00,330 :: INFO :: Human in (4, 29)
2020-05-01 18:46:00,330 :: INFO :: Human in (17, 17)
2020-05-01 18:46:00,330 :: INFO :: Human in (15, 12)
2020-05-01 18:46:00,330 :: INFO :: Human in (27, 10)
2020-05-01 18:46:00,330 :: INFO :: Human in (33, 25)
2020-05-01 18:46:00,331 :: INFO :: Human in (4, 15)
2020-05-01 18:46:00,331 :: INFO :: Human in (20, 20)
2020-05-01 18:46:00,331 :: INFO :: Human in (34, 17)
2020-05-01 18:46:00,331 :: INFO :: Human in (2, 11)
2020-05-01 18:46:00,331 :: INFO :: Human in (28, 8)
2020-05-01 18:46:00,331 :: INFO :: Human in (21, 10)
2020-05-01 18:46:00,331 :: INFO :: Human in (32, 14)
2020-05-01 18:46:00,331 :: INFO :: Human in (7, 23)
2020-05-01 18:46:00,332 :: INFO :: Human in (26, 19)
2020-05-01 18:46:00,332 :: INFO :: Human in (2, 14)
2020-05-01 18:46:00,332 :: INFO :: Human in (34, 5)
2020-05-01 18:46:00,332 :: INFO :: Human in (32, 17)
2020-05-01 18:46:00,332 :: INFO :: Human in (14, 33)
2020-05-01 18:46:00,332 :: INFO :: Human in (26, 11)
2020-05-01 18:46:00,332 :: INFO :: Human in (2, 24)
2020-05-01 18:46:00,333 :: INFO :: Human in (21, 6)
2020-05-01 18:46:00,333 :: INFO :: Human in (27, 30)
2020-05-01 18:46:00,333 :: INFO :: Human in (24, 21)
2020-05-01 18:46:00,333 :: INFO :: Human in (7, 8)
2020-05-01 18:46:00,333 :: INFO :: Human in (2, 5)
2020-05-01 18:46:00,333 :: INFO :: Human in (15, 17)
2020-05-01 18:46:00,333 :: INFO :: Human in (3, 24)
2020-05-01 18:46:00,333 :: INFO :: Human in (27, 6)
2020-05-01 18:46:00,334 :: INFO :: Human in (14, 25)
2020-05-01 18:46:00,334 :: INFO :: Human in (10, 3)
2020-05-01 18:46:00,334 :: INFO :: Human in (6, 31)
2020-05-01 18:46:00,334 :: INFO :: Human in (32, 34)
2020-05-01 18:46:00,334 :: INFO :: Human in (27, 19)
2020-05-01 18:46:00,334 :: INFO :: Human in (20, 30)
2020-05-01 18:46:00,334 :: INFO :: Human in (6, 6)
2020-05-01 18:46:00,335 :: INFO :: Human in (23, 9)
2020-05-01 18:46:00,335 :: INFO :: Human in (19, 29)
2020-05-01 18:46:00,335 :: INFO :: Human in (5, 21)
2020-05-01 18:46:00,335 :: INFO :: Human in (7, 18)
2020-05-01 18:46:00,335 :: INFO :: Human in (9, 2)
2020-05-01 18:46:00,335 :: INFO :: Human in (34, 8)
2020-05-01 18:46:00,335 :: INFO :: Human in (29, 5)
2020-05-01 18:46:00,335 :: INFO :: Human in (23, 22)
2020-05-01 18:46:00,336 :: INFO :: Human in (23, 15)
2020-05-01 18:46:00,336 :: INFO :: Human in (15, 30)
2020-05-01 18:46:00,336 :: INFO :: Human in (13, 3)
2020-05-01 18:46:00,336 :: INFO :: Human in (4, 0)
2020-05-01 18:46:00,336 :: INFO :: Human in (12, 2)
2020-05-01 18:46:00,336 :: INFO :: Human in (10, 34)
2020-05-01 18:46:00,336 :: INFO :: Human in (17, 8)
2020-05-01 18:46:00,337 :: INFO :: Human in (2, 8)
2020-05-01 18:46:00,337 :: INFO :: Human in (8, 19)
2020-05-01 18:46:00,337 :: INFO :: Human in (17, 1)
2020-05-01 18:46:00,337 :: INFO :: Human in (8, 27)
2020-05-01 18:46:00,337 :: INFO :: Human in (5, 3)
2020-05-01 18:46:00,337 :: INFO :: Human in (10, 18)
2020-05-01 18:46:00,338 :: INFO :: Human in (1, 3)
2020-05-01 18:46:00,338 :: INFO :: Hospital in (29, 26)
2020-05-01 18:46:00,338 :: INFO :: Hospital in (17, 26)
2020-05-01 18:46:00,338 :: INFO :: Hospital in (24, 24)
2020-05-01 18:46:00,338 :: INFO :: Hospital in (16, 27)
2020-05-01 18:46:00,338 :: INFO :: Hospital in (26, 15)
2020-05-01 18:46:00,338 :: INFO :: Hospital in (34, 24)
2020-05-01 18:46:00,339 :: INFO :: Hospital in (24, 16)
2020-05-01 18:46:00,339 :: INFO :: Hospital in (33, 27)
2020-05-01 18:46:00,339 :: INFO :: Hospital in (29, 13)
2020-05-01 18:46:00,339 :: INFO :: Hospital in (18, 18)
2020-05-01 18:46:07,747 :: INFO :: **** INITIALIZATION ****
2020-05-01 18:46:07,747 :: INFO :: Human in (27, 18)
2020-05-01 18:46:07,748 :: INFO :: Human in (21, 18)
2020-05-01 18:46:07,748 :: INFO :: Human in (11, 25)
2020-05-01 18:46:07,748 :: INFO :: Human in (19, 26)
2020-05-01 18:46:07,748 :: INFO :: Human in (29, 13)
2020-05-01 18:46:07,748 :: INFO :: Human in (20, 6)
2020-05-01 18:46:07,748 :: INFO :: Human in (12, 18)
2020-05-01 18:46:07,748 :: INFO :: Human in (6, 29)
2020-05-01 18:46:07,749 :: INFO :: Human in (20, 9)
2020-05-01 18:46:07,749 :: INFO :: Human in (5, 19)
2020-05-01 18:46:07,749 :: INFO :: Human in (28, 9)
2020-05-01 18:46:07,749 :: INFO :: Human in (8, 19)
2020-05-01 18:46:07,749 :: INFO :: Human in (13, 6)
2020-05-01 18:46:07,749 :: INFO :: Human in (11, 10)
2020-05-01 18:46:07,749 :: INFO :: Human in (1, 19)
2020-05-01 18:46:07,749 :: INFO :: Human in (11, 1)
2020-05-01 18:46:07,750 :: INFO :: Human in (21, 5)
2020-05-01 18:46:07,750 :: INFO :: Human in (28, 3)
2020-05-01 18:46:07,750 :: INFO :: Human in (15, 30)
2020-05-01 18:46:07,750 :: INFO :: Human in (14, 31)
2020-05-01 18:46:07,750 :: INFO :: Human in (0, 24)
2020-05-01 18:46:07,750 :: INFO :: Human in (30, 28)
2020-05-01 18:46:07,750 :: INFO :: Human in (28, 7)
2020-05-01 18:46:07,750 :: INFO :: Human in (31, 30)
2020-05-01 18:46:07,751 :: INFO :: Human in (25, 8)
2020-05-01 18:46:07,751 :: INFO :: Human in (10, 24)
2020-05-01 18:46:07,751 :: INFO :: Human in (19, 11)
2020-05-01 18:46:07,751 :: INFO :: Human in (30, 18)
2020-05-01 18:46:07,751 :: INFO :: Human in (2, 20)
2020-05-01 18:46:07,751 :: INFO :: Human in (17, 24)
2020-05-01 18:46:07,751 :: INFO :: Human in (2, 22)
2020-05-01 18:46:07,751 :: INFO :: Human in (27, 21)
2020-05-01 18:46:07,752 :: INFO :: Human in (4, 20)
2020-05-01 18:46:07,752 :: INFO :: Human in (27, 27)
2020-05-01 18:46:07,752 :: INFO :: Human in (32, 7)
2020-05-01 18:46:07,752 :: INFO :: Human in (10, 16)
2020-05-01 18:46:07,752 :: INFO :: Human in (6, 14)
2020-05-01 18:46:07,752 :: INFO :: Human in (32, 4)
2020-05-01 18:46:07,752 :: INFO :: Human in (2, 33)
2020-05-01 18:46:07,752 :: INFO :: Human in (25, 30)
2020-05-01 18:46:07,753 :: INFO :: Human in (7, 31)
2020-05-01 18:46:07,753 :: INFO :: Human in (4, 0)
2020-05-01 18:46:07,753 :: INFO :: Human in (5, 10)
2020-05-01 18:46:07,753 :: INFO :: Human in (11, 7)
2020-05-01 18:46:07,753 :: INFO :: Human in (26, 20)
2020-05-01 18:46:07,753 :: INFO :: Human in (24, 13)
2020-05-01 18:46:07,753 :: INFO :: Human in (5, 5)
2020-05-01 18:46:07,753 :: INFO :: Human in (8, 25)
2020-05-01 18:46:07,753 :: INFO :: Human in (23, 4)
2020-05-01 18:46:07,753 :: INFO :: Human in (16, 30)
2020-05-01 18:46:07,753 :: INFO :: Human in (15, 31)
2020-05-01 18:46:07,753 :: INFO :: Human in (28, 28)
2020-05-01 18:46:07,754 :: INFO :: Human in (30, 25)
2020-05-01 18:46:07,754 :: INFO :: Human in (13, 19)
2020-05-01 18:46:07,754 :: INFO :: Human in (25, 16)
2020-05-01 18:46:07,754 :: INFO :: Human in (11, 31)
2020-05-01 18:46:07,754 :: INFO :: Human in (17, 25)
2020-05-01 18:46:07,754 :: INFO :: Human in (3, 26)
2020-05-01 18:46:07,754 :: INFO :: Human in (30, 19)
2020-05-01 18:46:07,754 :: INFO :: Human in (33, 23)
2020-05-01 18:46:07,754 :: INFO :: Human in (28, 34)
2020-05-01 18:46:07,754 :: INFO :: Human in (27, 5)
2020-05-01 18:46:07,754 :: INFO :: Human in (20, 8)
2020-05-01 18:46:07,754 :: INFO :: Human in (5, 3)
2020-05-01 18:46:07,755 :: INFO :: Human in (15, 13)
2020-05-01 18:46:07,755 :: INFO :: Human in (12, 26)
2020-05-01 18:46:07,755 :: INFO :: Human in (28, 21)
2020-05-01 18:46:07,755 :: INFO :: Human in (28, 31)
2020-05-01 18:46:07,755 :: INFO :: Human in (28, 0)
2020-05-01 18:46:07,755 :: INFO :: Human in (29, 14)
2020-05-01 18:46:07,755 :: INFO :: Human in (31, 25)
2020-05-01 18:46:07,755 :: INFO :: Human in (30, 32)
2020-05-01 18:46:07,755 :: INFO :: Human in (33, 14)
2020-05-01 18:46:07,755 :: INFO :: Human in (7, 6)
2020-05-01 18:46:07,755 :: INFO :: Human in (1, 17)
2020-05-01 18:46:07,755 :: INFO :: Human in (14, 22)
2020-05-01 18:46:07,756 :: INFO :: Human in (33, 29)
2020-05-01 18:46:07,756 :: INFO :: Human in (11, 18)
2020-05-01 18:46:07,756 :: INFO :: Human in (9, 4)
2020-05-01 18:46:07,756 :: INFO :: Human in (34, 2)
2020-05-01 18:46:07,756 :: INFO :: Human in (6, 24)
2020-05-01 18:46:07,756 :: INFO :: Human in (12, 13)
2020-05-01 18:46:07,756 :: INFO :: Human in (28, 4)
2020-05-01 18:46:07,756 :: INFO :: Human in (16, 3)
2020-05-01 18:46:07,756 :: INFO :: Human in (22, 3)
2020-05-01 18:46:07,756 :: INFO :: Human in (6, 12)
2020-05-01 18:46:07,756 :: INFO :: Human in (12, 15)
2020-05-01 18:46:07,756 :: INFO :: Human in (33, 15)
2020-05-01 18:46:07,756 :: INFO :: Human in (5, 26)
2020-05-01 18:46:07,757 :: INFO :: Human in (22, 9)
2020-05-01 18:46:07,757 :: INFO :: Human in (33, 25)
2020-05-01 18:46:07,757 :: INFO :: Human in (27, 25)
2020-05-01 18:46:07,757 :: INFO :: Human in (1, 31)
2020-05-01 18:46:07,757 :: INFO :: Human in (20, 31)
2020-05-01 18:46:07,757 :: INFO :: Human in (13, 29)
2020-05-01 18:46:07,757 :: INFO :: Human in (34, 23)
2020-05-01 18:46:07,757 :: INFO :: Human in (0, 10)
2020-05-01 18:46:07,757 :: INFO :: Human in (8, 5)
2020-05-01 18:46:07,757 :: INFO :: Human in (14, 21)
2020-05-01 18:46:07,757 :: INFO :: Human in (0, 27)
2020-05-01 18:46:07,757 :: INFO :: Hospital in (28, 2)
2020-05-01 18:46:07,758 :: INFO :: Hospital in (22, 21)
2020-05-01 18:46:07,758 :: INFO :: Hospital in (27, 15)
2020-05-01 18:46:07,758 :: INFO :: Hospital in (1, 3)
2020-05-01 18:46:07,758 :: INFO :: Hospital in (24, 24)
2020-05-01 18:46:07,758 :: INFO :: Hospital in (25, 0)
2020-05-01 18:46:07,758 :: INFO :: Hospital in (34, 11)
2020-05-01 18:46:07,758 :: INFO :: Hospital in (24, 14)
2020-05-01 18:46:07,758 :: INFO :: Hospital in (1, 4)
2020-05-01 18:46:07,758 :: INFO :: Hospital in (8, 33)
